01-Feb-22 17:46:10.067 - ------------------------------------------------------------------------------   Begin
01-Feb-22 17:46:10.473 - Program compiled in 0.404 s
01-Feb-22 17:46:35.736 - ------------------------------------------------------------------------------   Begin
01-Feb-22 17:46:36.122 - Program compiled in 0.385 s
01-Feb-22 17:46:42.210 - ------------------------------------------------------------------------------   Begin
01-Feb-22 17:46:42.825 - Program compiled in 0.614 s
01-Feb-22 17:46:44.422 -  wait time: 0.0 	-- probability: 0.9772 	--- runtime: 1.421 seconds
01-Feb-22 17:46:44.790 - Program compiled in 0.368 s
01-Feb-22 17:46:45.351 -  wait time: 1.694915254237288 	-- probability: 0.9797 	--- runtime: 0.424 seconds
01-Feb-22 17:46:45.941 - Program compiled in 0.589 s
01-Feb-22 17:46:46.529 -  wait time: 3.389830508474576 	-- probability: 0.9776 	--- runtime: 0.427 seconds
01-Feb-22 17:46:47.076 - Program compiled in 0.546 s
01-Feb-22 17:46:47.653 -  wait time: 5.084745762711864 	-- probability: 0.9785 	--- runtime: 0.429 seconds
01-Feb-22 17:46:48.009 - Program compiled in 0.355 s
01-Feb-22 17:46:48.589 -  wait time: 6.779661016949152 	-- probability: 0.976 	--- runtime: 0.417 seconds
01-Feb-22 17:46:49.207 - Program compiled in 0.617 s
01-Feb-22 17:46:49.823 -  wait time: 8.47457627118644 	-- probability: 0.9794 	--- runtime: 0.425 seconds
01-Feb-22 17:46:50.766 - Program compiled in 0.941 s
01-Feb-22 17:46:51.341 -  wait time: 10.169491525423728 	-- probability: 0.9796 	--- runtime: 0.420 seconds
01-Feb-22 17:46:51.718 - Program compiled in 0.375 s
01-Feb-22 17:46:52.389 -  wait time: 11.864406779661017 	-- probability: 0.9817 	--- runtime: 0.428 seconds
01-Feb-22 17:46:53.033 - Program compiled in 0.643 s
01-Feb-22 17:46:53.592 -  wait time: 13.559322033898304 	-- probability: 0.9815 	--- runtime: 0.429 seconds
01-Feb-22 17:46:53.992 - Program compiled in 0.399 s
01-Feb-22 17:46:54.613 -  wait time: 15.254237288135592 	-- probability: 0.9777 	--- runtime: 0.421 seconds
01-Feb-22 17:46:55.178 - Program compiled in 0.564 s
01-Feb-22 17:46:55.773 -  wait time: 16.94915254237288 	-- probability: 0.9782 	--- runtime: 0.424 seconds
01-Feb-22 17:46:56.134 - Program compiled in 0.359 s
01-Feb-22 17:46:56.690 -  wait time: 18.64406779661017 	-- probability: 0.9769 	--- runtime: 0.423 seconds
01-Feb-22 17:46:57.242 - Program compiled in 0.551 s
01-Feb-22 17:46:57.800 -  wait time: 20.338983050847457 	-- probability: 0.9774 	--- runtime: 0.420 seconds
01-Feb-22 17:46:58.163 - Program compiled in 0.362 s
01-Feb-22 17:46:58.740 -  wait time: 22.033898305084744 	-- probability: 0.979 	--- runtime: 0.415 seconds
01-Feb-22 17:46:59.098 - Program compiled in 0.357 s
01-Feb-22 17:46:59.671 -  wait time: 23.728813559322035 	-- probability: 0.9773 	--- runtime: 0.433 seconds
01-Feb-22 17:47:00.032 - Program compiled in 0.360 s
01-Feb-22 17:47:00.606 -  wait time: 25.423728813559322 	-- probability: 0.979 	--- runtime: 0.437 seconds
01-Feb-22 17:47:01.211 - Program compiled in 0.604 s
01-Feb-22 17:47:01.804 -  wait time: 27.11864406779661 	-- probability: 0.9772 	--- runtime: 0.438 seconds
01-Feb-22 17:47:02.184 - Program compiled in 0.377 s
01-Feb-22 17:47:02.810 -  wait time: 28.813559322033896 	-- probability: 0.98 	--- runtime: 0.440 seconds
01-Feb-22 17:47:03.374 - Program compiled in 0.562 s
01-Feb-22 17:47:04.025 -  wait time: 30.508474576271183 	-- probability: 0.9786 	--- runtime: 0.440 seconds
01-Feb-22 17:47:04.402 - Program compiled in 0.376 s
01-Feb-22 17:47:05.108 -  wait time: 32.20338983050847 	-- probability: 0.9802 	--- runtime: 0.439 seconds
01-Feb-22 17:47:05.504 - Program compiled in 0.395 s
01-Feb-22 17:47:06.134 -  wait time: 33.89830508474576 	-- probability: 0.978 	--- runtime: 0.445 seconds
01-Feb-22 17:47:06.853 - Program compiled in 0.719 s
01-Feb-22 17:47:07.555 -  wait time: 35.59322033898305 	-- probability: 0.9773 	--- runtime: 0.441 seconds
01-Feb-22 17:47:08.131 - Program compiled in 0.574 s
01-Feb-22 17:47:08.714 -  wait time: 37.28813559322034 	-- probability: 0.9774 	--- runtime: 0.438 seconds
01-Feb-22 17:47:09.378 - Program compiled in 0.663 s
01-Feb-22 17:47:09.967 -  wait time: 38.983050847457626 	-- probability: 0.9799 	--- runtime: 0.435 seconds
01-Feb-22 17:47:10.605 - Program compiled in 0.637 s
01-Feb-22 17:47:11.195 -  wait time: 40.67796610169491 	-- probability: 0.9777 	--- runtime: 0.435 seconds
01-Feb-22 17:47:11.778 - Program compiled in 0.582 s
01-Feb-22 17:47:12.404 -  wait time: 42.3728813559322 	-- probability: 0.9767 	--- runtime: 0.440 seconds
01-Feb-22 17:47:13.263 - Program compiled in 0.858 s
01-Feb-22 17:47:13.859 -  wait time: 44.06779661016949 	-- probability: 0.9779 	--- runtime: 0.435 seconds
01-Feb-22 17:47:14.790 - Program compiled in 0.931 s
01-Feb-22 17:47:15.432 -  wait time: 45.762711864406775 	-- probability: 0.9783 	--- runtime: 0.519 seconds
01-Feb-22 17:47:16.092 - Program compiled in 0.658 s
01-Feb-22 17:47:16.681 -  wait time: 47.45762711864407 	-- probability: 0.979 	--- runtime: 0.436 seconds
01-Feb-22 17:47:17.059 - Program compiled in 0.377 s
01-Feb-22 17:47:17.643 -  wait time: 49.152542372881356 	-- probability: 0.9756 	--- runtime: 0.424 seconds
01-Feb-22 17:47:18.203 - Program compiled in 0.559 s
01-Feb-22 17:47:18.879 -  wait time: 50.847457627118644 	-- probability: 0.9777 	--- runtime: 0.426 seconds
01-Feb-22 17:47:19.355 - Program compiled in 0.474 s
01-Feb-22 17:47:19.998 -  wait time: 52.54237288135593 	-- probability: 0.9757 	--- runtime: 0.432 seconds
01-Feb-22 17:47:20.399 - Program compiled in 0.396 s
01-Feb-22 17:47:20.982 -  wait time: 54.23728813559322 	-- probability: 0.9725 	--- runtime: 0.428 seconds
01-Feb-22 17:47:21.630 - Program compiled in 0.647 s
01-Feb-22 17:47:22.292 -  wait time: 55.932203389830505 	-- probability: 0.9763 	--- runtime: 0.440 seconds
01-Feb-22 17:47:23.734 - Program compiled in 1.441 s
01-Feb-22 17:47:24.365 -  wait time: 57.62711864406779 	-- probability: 0.9777 	--- runtime: 0.434 seconds
01-Feb-22 17:47:24.760 - Program compiled in 0.393 s
01-Feb-22 17:47:25.430 -  wait time: 59.32203389830508 	-- probability: 0.98 	--- runtime: 0.433 seconds
01-Feb-22 17:47:25.975 - Program compiled in 0.543 s
01-Feb-22 17:47:26.562 -  wait time: 61.01694915254237 	-- probability: 0.9782 	--- runtime: 0.447 seconds
01-Feb-22 17:47:26.914 - Program compiled in 0.351 s
01-Feb-22 17:47:27.538 -  wait time: 62.71186440677966 	-- probability: 0.9773 	--- runtime: 0.425 seconds
01-Feb-22 17:47:27.943 - Program compiled in 0.403 s
01-Feb-22 17:47:28.526 -  wait time: 64.40677966101694 	-- probability: 0.9782 	--- runtime: 0.420 seconds
01-Feb-22 17:47:28.903 - Program compiled in 0.376 s
01-Feb-22 17:47:29.491 -  wait time: 66.10169491525423 	-- probability: 0.981 	--- runtime: 0.439 seconds
01-Feb-22 17:47:30.189 - Program compiled in 0.696 s
01-Feb-22 17:47:30.769 -  wait time: 67.79661016949152 	-- probability: 0.9795 	--- runtime: 0.433 seconds
01-Feb-22 17:47:31.311 - Program compiled in 0.540 s
01-Feb-22 17:47:31.885 -  wait time: 69.49152542372882 	-- probability: 0.9753 	--- runtime: 0.433 seconds
01-Feb-22 17:47:32.246 - Program compiled in 0.359 s
01-Feb-22 17:47:32.814 -  wait time: 71.1864406779661 	-- probability: 0.9783 	--- runtime: 0.442 seconds
01-Feb-22 17:47:33.211 - Program compiled in 0.396 s
01-Feb-22 17:47:33.802 -  wait time: 72.88135593220339 	-- probability: 0.9779 	--- runtime: 0.435 seconds
01-Feb-22 17:47:34.258 - Program compiled in 0.454 s
01-Feb-22 17:47:34.825 -  wait time: 74.57627118644068 	-- probability: 0.9749 	--- runtime: 0.422 seconds
01-Feb-22 17:47:35.570 - Program compiled in 0.744 s
01-Feb-22 17:47:36.181 -  wait time: 76.27118644067797 	-- probability: 0.9797 	--- runtime: 0.434 seconds
01-Feb-22 17:47:36.614 - Program compiled in 0.431 s
01-Feb-22 17:47:37.169 -  wait time: 77.96610169491525 	-- probability: 0.9807 	--- runtime: 0.437 seconds
01-Feb-22 17:47:38.581 - Program compiled in 1.411 s
01-Feb-22 17:47:39.145 -  wait time: 79.66101694915254 	-- probability: 0.9775 	--- runtime: 0.431 seconds
01-Feb-22 17:47:39.742 - Program compiled in 0.595 s
01-Feb-22 17:47:40.442 -  wait time: 81.35593220338983 	-- probability: 0.9779 	--- runtime: 0.441 seconds
01-Feb-22 17:47:41.573 - Program compiled in 1.129 s
01-Feb-22 17:47:42.374 -  wait time: 83.05084745762711 	-- probability: 0.9778 	--- runtime: 0.437 seconds
01-Feb-22 17:47:42.840 - Program compiled in 0.464 s
01-Feb-22 17:47:43.459 -  wait time: 84.7457627118644 	-- probability: 0.9783 	--- runtime: 0.438 seconds
01-Feb-22 17:47:43.821 - Program compiled in 0.360 s
01-Feb-22 17:47:44.411 -  wait time: 86.44067796610169 	-- probability: 0.9757 	--- runtime: 0.433 seconds
01-Feb-22 17:47:44.754 - Program compiled in 0.342 s
01-Feb-22 17:47:45.384 -  wait time: 88.13559322033898 	-- probability: 0.9788 	--- runtime: 0.439 seconds
01-Feb-22 17:47:45.993 - Program compiled in 0.608 s
01-Feb-22 17:47:46.620 -  wait time: 89.83050847457626 	-- probability: 0.9752 	--- runtime: 0.439 seconds
01-Feb-22 17:47:47.166 - Program compiled in 0.545 s
01-Feb-22 17:47:47.749 -  wait time: 91.52542372881355 	-- probability: 0.9786 	--- runtime: 0.439 seconds
01-Feb-22 17:47:48.156 - Program compiled in 0.406 s
01-Feb-22 17:47:48.725 -  wait time: 93.22033898305084 	-- probability: 0.978 	--- runtime: 0.440 seconds
01-Feb-22 17:47:49.367 - Program compiled in 0.641 s
01-Feb-22 17:47:49.928 -  wait time: 94.91525423728814 	-- probability: 0.9768 	--- runtime: 0.437 seconds
01-Feb-22 17:47:50.564 - Program compiled in 0.635 s
01-Feb-22 17:47:51.165 -  wait time: 96.61016949152543 	-- probability: 0.9742 	--- runtime: 0.436 seconds
01-Feb-22 17:47:51.707 - Program compiled in 0.541 s
01-Feb-22 17:47:52.380 -  wait time: 98.30508474576271 	-- probability: 0.9782 	--- runtime: 0.440 seconds
01-Feb-22 17:47:52.742 - Program compiled in 0.361 s
01-Feb-22 17:47:53.356 -  wait time: 100.0 	-- probability: 0.9727 	--- runtime: 0.433 seconds
01-Feb-22 17:47:53.357 - Done

01-Feb-22 17:48:20.938 - ------------------------------------------------------------------------------   Begin
01-Feb-22 17:48:21.505 - Program compiled in 0.566 s
01-Feb-22 17:48:23.444 -  wait time: 0.0 	-- probability: 0.9466 	--- runtime: 1.711 seconds
01-Feb-22 17:48:23.794 - Program compiled in 0.343 s
01-Feb-22 17:48:24.363 -  wait time: 1.694915254237288 	-- probability: 0.9505 	--- runtime: 0.418 seconds
01-Feb-22 17:48:24.730 - Program compiled in 0.366 s
01-Feb-22 17:48:25.436 -  wait time: 3.389830508474576 	-- probability: 0.9479 	--- runtime: 0.429 seconds
01-Feb-22 17:48:25.981 - Program compiled in 0.541 s
01-Feb-22 17:48:26.578 -  wait time: 5.084745762711864 	-- probability: 0.9447 	--- runtime: 0.419 seconds
01-Feb-22 17:48:27.128 - Program compiled in 0.549 s
01-Feb-22 17:48:27.709 -  wait time: 6.779661016949152 	-- probability: 0.9472 	--- runtime: 0.421 seconds
01-Feb-22 17:48:28.880 - Program compiled in 1.169 s
01-Feb-22 17:48:29.441 -  wait time: 8.47457627118644 	-- probability: 0.9446 	--- runtime: 0.428 seconds
01-Feb-22 17:48:31.572 - Program compiled in 2.130 s
01-Feb-22 17:48:32.296 -  wait time: 10.169491525423728 	-- probability: 0.9486 	--- runtime: 0.429 seconds
01-Feb-22 17:48:32.758 - Program compiled in 0.462 s
01-Feb-22 17:48:33.336 -  wait time: 11.864406779661017 	-- probability: 0.9455 	--- runtime: 0.421 seconds
01-Feb-22 17:48:36.058 - Program compiled in 2.721 s
01-Feb-22 17:48:36.725 -  wait time: 13.559322033898304 	-- probability: 0.9454 	--- runtime: 0.431 seconds
01-Feb-22 17:48:38.988 - Program compiled in 2.262 s
01-Feb-22 17:48:39.573 -  wait time: 15.254237288135592 	-- probability: 0.9445 	--- runtime: 0.428 seconds
01-Feb-22 17:48:40.149 - Program compiled in 0.576 s
01-Feb-22 17:48:40.713 -  wait time: 16.94915254237288 	-- probability: 0.9442 	--- runtime: 0.429 seconds
01-Feb-22 17:48:41.289 - Program compiled in 0.575 s
01-Feb-22 17:48:41.868 -  wait time: 18.64406779661017 	-- probability: 0.9449 	--- runtime: 0.427 seconds
01-Feb-22 17:48:43.270 - Program compiled in 1.401 s
01-Feb-22 17:48:43.921 -  wait time: 20.338983050847457 	-- probability: 0.9457 	--- runtime: 0.430 seconds
01-Feb-22 17:48:44.376 - Program compiled in 0.454 s
01-Feb-22 17:48:44.959 -  wait time: 22.033898305084744 	-- probability: 0.9456 	--- runtime: 0.420 seconds
01-Feb-22 17:48:47.179 - Program compiled in 2.219 s
01-Feb-22 17:48:47.759 -  wait time: 23.728813559322035 	-- probability: 0.9489 	--- runtime: 0.430 seconds
01-Feb-22 17:48:49.760 - Program compiled in 1.999 s
01-Feb-22 17:48:50.377 -  wait time: 25.423728813559322 	-- probability: 0.9436 	--- runtime: 0.431 seconds
01-Feb-22 17:48:50.813 - Program compiled in 0.434 s
01-Feb-22 17:48:51.471 -  wait time: 27.11864406779661 	-- probability: 0.9421 	--- runtime: 0.432 seconds
01-Feb-22 17:48:52.073 - Program compiled in 0.601 s
01-Feb-22 17:48:52.657 -  wait time: 28.813559322033896 	-- probability: 0.9485 	--- runtime: 0.425 seconds
01-Feb-22 17:48:54.589 - Program compiled in 1.931 s
01-Feb-22 17:48:55.198 -  wait time: 30.508474576271183 	-- probability: 0.9445 	--- runtime: 0.422 seconds
01-Feb-22 17:48:57.759 - Program compiled in 2.560 s
01-Feb-22 17:48:58.300 -  wait time: 32.20338983050847 	-- probability: 0.9448 	--- runtime: 0.415 seconds
01-Feb-22 17:48:58.786 - Program compiled in 0.485 s
01-Feb-22 17:48:59.392 -  wait time: 33.89830508474576 	-- probability: 0.9422 	--- runtime: 0.424 seconds
01-Feb-22 17:49:01.584 - Program compiled in 2.191 s
01-Feb-22 17:49:02.196 -  wait time: 35.59322033898305 	-- probability: 0.9439 	--- runtime: 0.432 seconds
01-Feb-22 17:49:02.956 - Program compiled in 0.758 s
01-Feb-22 17:49:03.513 -  wait time: 37.28813559322034 	-- probability: 0.9418 	--- runtime: 0.425 seconds
01-Feb-22 17:49:04.045 - Program compiled in 0.532 s
01-Feb-22 17:49:04.619 -  wait time: 38.983050847457626 	-- probability: 0.9436 	--- runtime: 0.422 seconds
01-Feb-22 17:49:05.086 - Program compiled in 0.466 s
01-Feb-22 17:49:05.641 -  wait time: 40.67796610169491 	-- probability: 0.9437 	--- runtime: 0.429 seconds
01-Feb-22 17:49:06.024 - Program compiled in 0.382 s
01-Feb-22 17:49:06.637 -  wait time: 42.3728813559322 	-- probability: 0.9449 	--- runtime: 0.422 seconds
01-Feb-22 17:49:07.116 - Program compiled in 0.478 s
01-Feb-22 17:49:07.694 -  wait time: 44.06779661016949 	-- probability: 0.946 	--- runtime: 0.432 seconds
01-Feb-22 17:49:08.578 - Program compiled in 0.883 s
01-Feb-22 17:49:09.137 -  wait time: 45.762711864406775 	-- probability: 0.9462 	--- runtime: 0.426 seconds
01-Feb-22 17:49:09.761 - Program compiled in 0.623 s
01-Feb-22 17:49:10.349 -  wait time: 47.45762711864407 	-- probability: 0.9402 	--- runtime: 0.431 seconds
01-Feb-22 17:49:10.931 - Program compiled in 0.581 s
01-Feb-22 17:49:11.523 -  wait time: 49.152542372881356 	-- probability: 0.9423 	--- runtime: 0.428 seconds
01-Feb-22 17:49:11.960 - Program compiled in 0.436 s
01-Feb-22 17:49:12.674 -  wait time: 50.847457627118644 	-- probability: 0.9418 	--- runtime: 0.431 seconds
01-Feb-22 17:49:13.220 - Program compiled in 0.545 s
01-Feb-22 17:49:13.821 -  wait time: 52.54237288135593 	-- probability: 0.9434 	--- runtime: 0.431 seconds
01-Feb-22 17:49:14.585 - Program compiled in 0.763 s
01-Feb-22 17:49:15.180 -  wait time: 54.23728813559322 	-- probability: 0.9416 	--- runtime: 0.423 seconds
01-Feb-22 17:49:15.624 - Program compiled in 0.443 s
01-Feb-22 17:49:16.190 -  wait time: 55.932203389830505 	-- probability: 0.9466 	--- runtime: 0.414 seconds
01-Feb-22 17:49:16.761 - Program compiled in 0.570 s
01-Feb-22 17:49:17.363 -  wait time: 57.62711864406779 	-- probability: 0.9398 	--- runtime: 0.415 seconds
01-Feb-22 17:49:17.954 - Program compiled in 0.590 s
01-Feb-22 17:49:18.566 -  wait time: 59.32203389830508 	-- probability: 0.946 	--- runtime: 0.428 seconds
01-Feb-22 17:49:19.048 - Program compiled in 0.481 s
01-Feb-22 17:49:19.620 -  wait time: 61.01694915254237 	-- probability: 0.9414 	--- runtime: 0.434 seconds
01-Feb-22 17:49:20.370 - Program compiled in 0.748 s
01-Feb-22 17:49:20.945 -  wait time: 62.71186440677966 	-- probability: 0.9426 	--- runtime: 0.428 seconds
01-Feb-22 17:49:22.181 - Program compiled in 1.235 s
01-Feb-22 17:49:22.750 -  wait time: 64.40677966101694 	-- probability: 0.946 	--- runtime: 0.424 seconds
01-Feb-22 17:49:23.513 - Program compiled in 0.762 s
01-Feb-22 17:49:24.086 -  wait time: 66.10169491525423 	-- probability: 0.944 	--- runtime: 0.424 seconds
01-Feb-22 17:49:24.601 - Program compiled in 0.515 s
01-Feb-22 17:49:25.200 -  wait time: 67.79661016949152 	-- probability: 0.941 	--- runtime: 0.422 seconds
01-Feb-22 17:49:26.307 - Program compiled in 1.103 s
01-Feb-22 17:49:26.886 -  wait time: 69.49152542372882 	-- probability: 0.9422 	--- runtime: 0.429 seconds
01-Feb-22 17:49:27.413 - Program compiled in 0.527 s
01-Feb-22 17:49:28.010 -  wait time: 71.1864406779661 	-- probability: 0.9438 	--- runtime: 0.424 seconds
01-Feb-22 17:49:28.664 - Program compiled in 0.653 s
01-Feb-22 17:49:29.222 -  wait time: 72.88135593220339 	-- probability: 0.9458 	--- runtime: 0.419 seconds
01-Feb-22 17:49:30.179 - Program compiled in 0.955 s
01-Feb-22 17:49:30.879 -  wait time: 74.57627118644068 	-- probability: 0.9471 	--- runtime: 0.423 seconds
01-Feb-22 17:49:31.480 - Program compiled in 0.600 s
01-Feb-22 17:49:32.038 -  wait time: 76.27118644067797 	-- probability: 0.9454 	--- runtime: 0.431 seconds
01-Feb-22 17:49:33.565 - Program compiled in 1.526 s
01-Feb-22 17:49:34.133 -  wait time: 77.96610169491525 	-- probability: 0.9485 	--- runtime: 0.423 seconds
01-Feb-22 17:49:34.497 - Program compiled in 0.363 s
01-Feb-22 17:49:35.049 -  wait time: 79.66101694915254 	-- probability: 0.9507 	--- runtime: 0.429 seconds
01-Feb-22 17:49:35.424 - Program compiled in 0.374 s
01-Feb-22 17:49:35.965 -  wait time: 81.35593220338983 	-- probability: 0.9482 	--- runtime: 0.425 seconds
01-Feb-22 17:49:36.559 - Program compiled in 0.592 s
01-Feb-22 17:49:37.135 -  wait time: 83.05084745762711 	-- probability: 0.9483 	--- runtime: 0.429 seconds
01-Feb-22 17:49:37.655 - Program compiled in 0.519 s
01-Feb-22 17:49:38.214 -  wait time: 84.7457627118644 	-- probability: 0.95 	--- runtime: 0.424 seconds
01-Feb-22 17:49:38.693 - Program compiled in 0.478 s
01-Feb-22 17:49:39.279 -  wait time: 86.44067796610169 	-- probability: 0.9469 	--- runtime: 0.428 seconds
01-Feb-22 17:49:39.846 - Program compiled in 0.566 s
01-Feb-22 17:49:40.435 -  wait time: 88.13559322033898 	-- probability: 0.9486 	--- runtime: 0.423 seconds
01-Feb-22 17:49:40.834 - Program compiled in 0.398 s
01-Feb-22 17:49:41.424 -  wait time: 89.83050847457626 	-- probability: 0.9456 	--- runtime: 0.428 seconds
01-Feb-22 17:49:42.021 - Program compiled in 0.597 s
01-Feb-22 17:49:42.628 -  wait time: 91.52542372881355 	-- probability: 0.9463 	--- runtime: 0.428 seconds
01-Feb-22 17:49:42.987 - Program compiled in 0.358 s
01-Feb-22 17:49:43.577 -  wait time: 93.22033898305084 	-- probability: 0.947 	--- runtime: 0.429 seconds
01-Feb-22 17:49:43.922 - Program compiled in 0.344 s
01-Feb-22 17:49:44.481 -  wait time: 94.91525423728814 	-- probability: 0.9494 	--- runtime: 0.430 seconds
01-Feb-22 17:49:46.429 - Program compiled in 1.947 s
01-Feb-22 17:49:47.081 -  wait time: 96.61016949152543 	-- probability: 0.9514 	--- runtime: 0.428 seconds
01-Feb-22 17:49:47.666 - Program compiled in 0.583 s
01-Feb-22 17:49:48.325 -  wait time: 98.30508474576271 	-- probability: 0.9486 	--- runtime: 0.416 seconds
01-Feb-22 17:49:48.694 - Program compiled in 0.368 s
01-Feb-22 17:49:49.281 -  wait time: 100.0 	-- probability: 0.9414 	--- runtime: 0.426 seconds
01-Feb-22 17:49:49.282 - Done

01-Feb-22 17:50:50.112 - ------------------------------------------------------------------------------   Begin
01-Feb-22 17:50:50.686 - Program compiled in 0.572 s
01-Feb-22 17:50:52.200 -  wait time: 0.0 	-- probability: 0.9795 	--- runtime: 1.398 seconds
01-Feb-22 17:50:52.810 - Program compiled in 0.609 s
01-Feb-22 17:50:53.385 -  wait time: 16.949152542372882 	-- probability: 0.9811 	--- runtime: 0.428 seconds
01-Feb-22 17:50:53.729 - Program compiled in 0.343 s
01-Feb-22 17:50:54.326 -  wait time: 33.898305084745765 	-- probability: 0.9824 	--- runtime: 0.437 seconds
01-Feb-22 17:50:54.900 - Program compiled in 0.572 s
01-Feb-22 17:50:55.533 -  wait time: 50.847457627118644 	-- probability: 0.9816 	--- runtime: 0.437 seconds
01-Feb-22 17:50:56.096 - Program compiled in 0.562 s
01-Feb-22 17:50:56.699 -  wait time: 67.79661016949153 	-- probability: 0.9833 	--- runtime: 0.439 seconds
01-Feb-22 17:50:57.036 - Program compiled in 0.336 s
01-Feb-22 17:50:57.632 -  wait time: 84.74576271186442 	-- probability: 0.978 	--- runtime: 0.442 seconds
01-Feb-22 17:50:58.592 - Program compiled in 0.959 s
01-Feb-22 17:50:59.179 -  wait time: 101.69491525423729 	-- probability: 0.9792 	--- runtime: 0.431 seconds
01-Feb-22 17:51:00.880 - Program compiled in 1.700 s
01-Feb-22 17:51:01.521 -  wait time: 118.64406779661017 	-- probability: 0.979 	--- runtime: 0.440 seconds
01-Feb-22 17:51:03.465 - Program compiled in 1.943 s
01-Feb-22 17:51:04.127 -  wait time: 135.59322033898306 	-- probability: 0.9786 	--- runtime: 0.437 seconds
01-Feb-22 17:51:04.558 - Program compiled in 0.429 s
01-Feb-22 17:51:05.152 -  wait time: 152.54237288135593 	-- probability: 0.974 	--- runtime: 0.441 seconds
01-Feb-22 17:51:06.372 - Program compiled in 1.219 s
01-Feb-22 17:51:06.957 -  wait time: 169.49152542372883 	-- probability: 0.9768 	--- runtime: 0.439 seconds
01-Feb-22 17:51:07.593 - Program compiled in 0.634 s
01-Feb-22 17:51:08.286 -  wait time: 186.4406779661017 	-- probability: 0.9785 	--- runtime: 0.425 seconds
01-Feb-22 17:51:08.666 - Program compiled in 0.379 s
01-Feb-22 17:51:09.297 -  wait time: 203.38983050847457 	-- probability: 0.973 	--- runtime: 0.440 seconds
01-Feb-22 17:51:09.705 - Program compiled in 0.406 s
01-Feb-22 17:51:10.322 -  wait time: 220.33898305084747 	-- probability: 0.9747 	--- runtime: 0.437 seconds
01-Feb-22 17:51:10.681 - Program compiled in 0.358 s
01-Feb-22 17:51:11.269 -  wait time: 237.28813559322035 	-- probability: 0.9772 	--- runtime: 0.433 seconds
01-Feb-22 17:51:11.684 - Program compiled in 0.415 s
01-Feb-22 17:51:12.288 -  wait time: 254.23728813559325 	-- probability: 0.9744 	--- runtime: 0.439 seconds
01-Feb-22 17:51:13.093 - Program compiled in 0.803 s
01-Feb-22 17:51:13.699 -  wait time: 271.1864406779661 	-- probability: 0.9701 	--- runtime: 0.430 seconds
01-Feb-22 17:51:14.346 - Program compiled in 0.646 s
01-Feb-22 17:51:14.984 -  wait time: 288.135593220339 	-- probability: 0.9743 	--- runtime: 0.438 seconds
01-Feb-22 17:51:16.441 - Program compiled in 1.455 s
01-Feb-22 17:51:17.073 -  wait time: 305.08474576271186 	-- probability: 0.9731 	--- runtime: 0.446 seconds
01-Feb-22 17:51:22.221 - Program compiled in 5.147 s
01-Feb-22 17:51:22.856 -  wait time: 322.0338983050848 	-- probability: 0.9674 	--- runtime: 0.438 seconds
01-Feb-22 17:51:23.630 - Program compiled in 0.773 s
01-Feb-22 17:51:24.286 -  wait time: 338.98305084745766 	-- probability: 0.9732 	--- runtime: 0.458 seconds
01-Feb-22 17:51:24.938 - Program compiled in 0.651 s
01-Feb-22 17:51:25.528 -  wait time: 355.93220338983053 	-- probability: 0.9707 	--- runtime: 0.429 seconds
01-Feb-22 17:51:25.883 - Program compiled in 0.354 s
01-Feb-22 17:51:26.452 -  wait time: 372.8813559322034 	-- probability: 0.9692 	--- runtime: 0.429 seconds
01-Feb-22 17:51:26.853 - Program compiled in 0.401 s
01-Feb-22 17:51:27.454 -  wait time: 389.8305084745763 	-- probability: 0.9709 	--- runtime: 0.434 seconds
01-Feb-22 17:51:27.824 - Program compiled in 0.369 s
01-Feb-22 17:51:28.509 -  wait time: 406.77966101694915 	-- probability: 0.9704 	--- runtime: 0.441 seconds
01-Feb-22 17:51:29.140 - Program compiled in 0.629 s
01-Feb-22 17:51:29.755 -  wait time: 423.7288135593221 	-- probability: 0.9691 	--- runtime: 0.441 seconds
01-Feb-22 17:51:30.718 - Program compiled in 0.961 s
01-Feb-22 17:51:31.383 -  wait time: 440.67796610169495 	-- probability: 0.9672 	--- runtime: 0.437 seconds
01-Feb-22 17:51:32.335 - Program compiled in 0.950 s
01-Feb-22 17:51:33.013 -  wait time: 457.6271186440678 	-- probability: 0.9654 	--- runtime: 0.431 seconds
01-Feb-22 17:51:35.283 - Program compiled in 2.268 s
01-Feb-22 17:51:35.879 -  wait time: 474.5762711864407 	-- probability: 0.9706 	--- runtime: 0.432 seconds
01-Feb-22 17:51:37.790 - Program compiled in 1.910 s
01-Feb-22 17:51:38.407 -  wait time: 491.52542372881356 	-- probability: 0.9639 	--- runtime: 0.421 seconds
01-Feb-22 17:51:40.465 - Program compiled in 2.057 s
01-Feb-22 17:51:41.075 -  wait time: 508.4745762711865 	-- probability: 0.9635 	--- runtime: 0.433 seconds
01-Feb-22 17:51:41.745 - Program compiled in 0.669 s
01-Feb-22 17:51:42.327 -  wait time: 525.4237288135594 	-- probability: 0.9598 	--- runtime: 0.440 seconds
01-Feb-22 17:51:44.792 - Program compiled in 2.464 s
01-Feb-22 17:51:45.362 -  wait time: 542.3728813559322 	-- probability: 0.964 	--- runtime: 0.424 seconds
01-Feb-22 17:51:47.563 - Program compiled in 2.200 s
01-Feb-22 17:51:48.142 -  wait time: 559.3220338983051 	-- probability: 0.9649 	--- runtime: 0.422 seconds
01-Feb-22 17:51:48.540 - Program compiled in 0.397 s
01-Feb-22 17:51:49.133 -  wait time: 576.271186440678 	-- probability: 0.9666 	--- runtime: 0.433 seconds
01-Feb-22 17:51:50.681 - Program compiled in 1.547 s
01-Feb-22 17:51:51.258 -  wait time: 593.2203389830509 	-- probability: 0.9589 	--- runtime: 0.439 seconds
01-Feb-22 17:51:52.157 - Program compiled in 0.897 s
01-Feb-22 17:51:52.753 -  wait time: 610.1694915254237 	-- probability: 0.9603 	--- runtime: 0.442 seconds
01-Feb-22 17:51:53.151 - Program compiled in 0.396 s
01-Feb-22 17:51:53.726 -  wait time: 627.1186440677966 	-- probability: 0.9613 	--- runtime: 0.437 seconds
01-Feb-22 17:51:54.207 - Program compiled in 0.479 s
01-Feb-22 17:51:54.890 -  wait time: 644.0677966101696 	-- probability: 0.9566 	--- runtime: 0.441 seconds
01-Feb-22 17:51:55.492 - Program compiled in 0.602 s
01-Feb-22 17:51:56.118 -  wait time: 661.0169491525425 	-- probability: 0.9535 	--- runtime: 0.442 seconds
01-Feb-22 17:51:56.909 - Program compiled in 0.790 s
01-Feb-22 17:51:57.522 -  wait time: 677.9661016949153 	-- probability: 0.9566 	--- runtime: 0.439 seconds
01-Feb-22 17:51:57.889 - Program compiled in 0.365 s
01-Feb-22 17:51:58.449 -  wait time: 694.9152542372882 	-- probability: 0.9579 	--- runtime: 0.436 seconds
01-Feb-22 17:51:58.976 - Program compiled in 0.526 s
01-Feb-22 17:51:59.566 -  wait time: 711.8644067796611 	-- probability: 0.9512 	--- runtime: 0.444 seconds
01-Feb-22 17:51:59.966 - Program compiled in 0.398 s
01-Feb-22 17:52:00.583 -  wait time: 728.8135593220339 	-- probability: 0.9543 	--- runtime: 0.439 seconds
01-Feb-22 17:52:01.138 - Program compiled in 0.553 s
01-Feb-22 17:52:01.826 -  wait time: 745.7627118644068 	-- probability: 0.952 	--- runtime: 0.436 seconds
01-Feb-22 17:52:02.199 - Program compiled in 0.372 s
01-Feb-22 17:52:02.775 -  wait time: 762.7118644067797 	-- probability: 0.9479 	--- runtime: 0.437 seconds
01-Feb-22 17:52:03.140 - Program compiled in 0.363 s
01-Feb-22 17:52:03.734 -  wait time: 779.6610169491526 	-- probability: 0.9475 	--- runtime: 0.438 seconds
01-Feb-22 17:52:04.408 - Program compiled in 0.673 s
01-Feb-22 17:52:04.998 -  wait time: 796.6101694915254 	-- probability: 0.9487 	--- runtime: 0.441 seconds
01-Feb-22 17:52:05.589 - Program compiled in 0.590 s
01-Feb-22 17:52:06.212 -  wait time: 813.5593220338983 	-- probability: 0.9507 	--- runtime: 0.435 seconds
01-Feb-22 17:52:06.972 - Program compiled in 0.758 s
01-Feb-22 17:52:07.554 -  wait time: 830.5084745762713 	-- probability: 0.9418 	--- runtime: 0.443 seconds
01-Feb-22 17:52:08.395 - Program compiled in 0.841 s
01-Feb-22 17:52:09.027 -  wait time: 847.4576271186442 	-- probability: 0.9547 	--- runtime: 0.442 seconds
01-Feb-22 17:52:09.755 - Program compiled in 0.727 s
01-Feb-22 17:52:10.378 -  wait time: 864.406779661017 	-- probability: 0.9441 	--- runtime: 0.437 seconds
01-Feb-22 17:52:10.817 - Program compiled in 0.438 s
01-Feb-22 17:52:11.463 -  wait time: 881.3559322033899 	-- probability: 0.9441 	--- runtime: 0.434 seconds
01-Feb-22 17:52:11.847 - Program compiled in 0.382 s
01-Feb-22 17:52:12.432 -  wait time: 898.3050847457628 	-- probability: 0.942 	--- runtime: 0.442 seconds
01-Feb-22 17:52:13.023 - Program compiled in 0.590 s
01-Feb-22 17:52:13.599 -  wait time: 915.2542372881356 	-- probability: 0.9405 	--- runtime: 0.433 seconds
01-Feb-22 17:52:13.936 - Program compiled in 0.337 s
01-Feb-22 17:52:14.566 -  wait time: 932.2033898305085 	-- probability: 0.9294 	--- runtime: 0.437 seconds
01-Feb-22 17:52:16.068 - Program compiled in 1.501 s
01-Feb-22 17:52:16.638 -  wait time: 949.1525423728814 	-- probability: 0.9407 	--- runtime: 0.429 seconds
01-Feb-22 17:52:17.261 - Program compiled in 0.622 s
01-Feb-22 17:52:17.863 -  wait time: 966.1016949152543 	-- probability: 0.9353 	--- runtime: 0.440 seconds
01-Feb-22 17:52:18.541 - Program compiled in 0.677 s
01-Feb-22 17:52:19.159 -  wait time: 983.0508474576271 	-- probability: 0.9372 	--- runtime: 0.437 seconds
01-Feb-22 17:52:19.604 - Program compiled in 0.444 s
01-Feb-22 17:52:20.206 -  wait time: 1000.0 	-- probability: 0.934 	--- runtime: 0.432 seconds
01-Feb-22 17:52:20.207 - Done

01-Feb-22 17:52:35.046 - ------------------------------------------------------------------------------   Begin
01-Feb-22 17:52:35.396 - Program compiled in 0.348 s
01-Feb-22 17:52:37.133 -  wait time: 0.0 	-- probability: 0.9815 	--- runtime: 1.582 seconds
01-Feb-22 17:52:37.530 - Program compiled in 0.396 s
01-Feb-22 17:52:38.118 -  wait time: 204.08163265306123 	-- probability: 0.9744 	--- runtime: 0.432 seconds
01-Feb-22 17:52:38.766 - Program compiled in 0.648 s
01-Feb-22 17:52:39.355 -  wait time: 408.16326530612247 	-- probability: 0.9703 	--- runtime: 0.439 seconds
01-Feb-22 17:52:39.709 - Program compiled in 0.354 s
01-Feb-22 17:52:40.351 -  wait time: 612.2448979591837 	-- probability: 0.9578 	--- runtime: 0.443 seconds
01-Feb-22 17:52:40.969 - Program compiled in 0.617 s
01-Feb-22 17:52:41.601 -  wait time: 816.3265306122449 	-- probability: 0.9412 	--- runtime: 0.437 seconds
01-Feb-22 17:52:42.149 - Program compiled in 0.546 s
01-Feb-22 17:52:42.907 -  wait time: 1020.4081632653061 	-- probability: 0.9384 	--- runtime: 0.445 seconds
01-Feb-22 17:52:43.343 - Program compiled in 0.434 s
01-Feb-22 17:52:43.976 -  wait time: 1224.4897959183675 	-- probability: 0.919 	--- runtime: 0.454 seconds
01-Feb-22 17:52:44.336 - Program compiled in 0.358 s
01-Feb-22 17:52:44.904 -  wait time: 1428.5714285714287 	-- probability: 0.8904 	--- runtime: 0.445 seconds
01-Feb-22 17:52:45.528 - Program compiled in 0.624 s
01-Feb-22 17:52:46.119 -  wait time: 1632.6530612244899 	-- probability: 0.8871 	--- runtime: 0.452 seconds
01-Feb-22 17:52:46.495 - Program compiled in 0.375 s
01-Feb-22 17:52:47.092 -  wait time: 1836.734693877551 	-- probability: 0.8602 	--- runtime: 0.442 seconds
01-Feb-22 17:52:47.718 - Program compiled in 0.625 s
01-Feb-22 17:52:48.321 -  wait time: 2040.8163265306123 	-- probability: 0.8548 	--- runtime: 0.451 seconds
01-Feb-22 17:52:48.930 - Program compiled in 0.608 s
01-Feb-22 17:52:49.553 -  wait time: 2244.8979591836737 	-- probability: 0.8312 	--- runtime: 0.464 seconds
01-Feb-22 17:52:49.976 - Program compiled in 0.422 s
01-Feb-22 17:52:50.584 -  wait time: 2448.979591836735 	-- probability: 0.828 	--- runtime: 0.455 seconds
01-Feb-22 17:52:51.114 - Program compiled in 0.527 s
01-Feb-22 17:52:51.742 -  wait time: 2653.061224489796 	-- probability: 0.7795 	--- runtime: 0.456 seconds
01-Feb-22 17:52:52.078 - Program compiled in 0.335 s
01-Feb-22 17:52:52.696 -  wait time: 2857.1428571428573 	-- probability: 0.7641 	--- runtime: 0.462 seconds
01-Feb-22 17:52:53.310 - Program compiled in 0.612 s
01-Feb-22 17:52:53.918 -  wait time: 3061.2244897959185 	-- probability: 0.7327 	--- runtime: 0.459 seconds
01-Feb-22 17:52:54.424 - Program compiled in 0.505 s
01-Feb-22 17:52:55.021 -  wait time: 3265.3061224489797 	-- probability: 0.7079 	--- runtime: 0.467 seconds
01-Feb-22 17:52:55.869 - Program compiled in 0.846 s
01-Feb-22 17:52:56.556 -  wait time: 3469.387755102041 	-- probability: 0.6476 	--- runtime: 0.460 seconds
01-Feb-22 17:52:57.373 - Program compiled in 0.815 s
01-Feb-22 17:52:58.002 -  wait time: 3673.469387755102 	-- probability: 0.6617 	--- runtime: 0.462 seconds
01-Feb-22 17:52:58.607 - Program compiled in 0.603 s
01-Feb-22 17:52:59.389 -  wait time: 3877.5510204081634 	-- probability: 0.6434 	--- runtime: 0.458 seconds
01-Feb-22 17:52:59.915 - Program compiled in 0.524 s
01-Feb-22 17:53:00.547 -  wait time: 4081.6326530612246 	-- probability: 0.6761 	--- runtime: 0.474 seconds
01-Feb-22 17:53:01.213 - Program compiled in 0.665 s
01-Feb-22 17:53:01.829 -  wait time: 4285.714285714286 	-- probability: 0.5265 	--- runtime: 0.471 seconds
01-Feb-22 17:53:02.207 - Program compiled in 0.376 s
01-Feb-22 17:53:02.820 -  wait time: 4489.795918367347 	-- probability: 0.5125 	--- runtime: 0.475 seconds
01-Feb-22 17:53:03.197 - Program compiled in 0.376 s
01-Feb-22 17:53:03.784 -  wait time: 4693.877551020409 	-- probability: 0.526 	--- runtime: 0.475 seconds
01-Feb-22 17:53:04.199 - Program compiled in 0.414 s
01-Feb-22 17:53:04.810 -  wait time: 4897.95918367347 	-- probability: 0.5414 	--- runtime: 0.470 seconds
01-Feb-22 17:53:05.418 - Program compiled in 0.607 s
01-Feb-22 17:53:06.053 -  wait time: 5102.040816326531 	-- probability: 0.4787 	--- runtime: 0.487 seconds
01-Feb-22 17:53:06.441 - Program compiled in 0.387 s
01-Feb-22 17:53:07.098 -  wait time: 5306.122448979592 	-- probability: 0.443 	--- runtime: 0.491 seconds
01-Feb-22 17:53:08.324 - Program compiled in 1.224 s
01-Feb-22 17:53:09.028 -  wait time: 5510.2040816326535 	-- probability: 0.3775 	--- runtime: 0.480 seconds
01-Feb-22 17:53:09.582 - Program compiled in 0.552 s
01-Feb-22 17:53:10.303 -  wait time: 5714.285714285715 	-- probability: 0.3789 	--- runtime: 0.494 seconds
01-Feb-22 17:53:15.368 - Program compiled in 5.061 s
01-Feb-22 17:53:15.973 -  wait time: 5918.367346938776 	-- probability: 0.3347 	--- runtime: 0.481 seconds
01-Feb-22 17:53:16.558 - Program compiled in 0.584 s
01-Feb-22 17:53:17.209 -  wait time: 6122.448979591837 	-- probability: 0.3404 	--- runtime: 0.503 seconds
01-Feb-22 17:53:17.783 - Program compiled in 0.571 s
01-Feb-22 17:53:18.433 -  wait time: 6326.530612244898 	-- probability: 0.3538 	--- runtime: 0.490 seconds
01-Feb-22 17:53:19.004 - Program compiled in 0.571 s
01-Feb-22 17:53:19.649 -  wait time: 6530.6122448979595 	-- probability: 0.2845 	--- runtime: 0.493 seconds
01-Feb-22 17:53:20.093 - Program compiled in 0.443 s
01-Feb-22 17:53:20.913 -  wait time: 6734.693877551021 	-- probability: 0.2518 	--- runtime: 0.503 seconds
01-Feb-22 17:53:21.567 - Program compiled in 0.653 s
01-Feb-22 17:53:22.234 -  wait time: 6938.775510204082 	-- probability: 0.3082 	--- runtime: 0.491 seconds
01-Feb-22 17:53:22.589 - Program compiled in 0.354 s
01-Feb-22 17:53:23.293 -  wait time: 7142.857142857143 	-- probability: 0.3046 	--- runtime: 0.511 seconds
01-Feb-22 17:53:23.664 - Program compiled in 0.370 s
01-Feb-22 17:53:24.320 -  wait time: 7346.938775510204 	-- probability: 0.2625 	--- runtime: 0.506 seconds
01-Feb-22 17:53:24.908 - Program compiled in 0.585 s
01-Feb-22 17:53:25.641 -  wait time: 7551.0204081632655 	-- probability: 0.2786 	--- runtime: 0.514 seconds
01-Feb-22 17:53:25.998 - Program compiled in 0.356 s
01-Feb-22 17:53:26.704 -  wait time: 7755.102040816327 	-- probability: 0.2141 	--- runtime: 0.508 seconds
01-Feb-22 17:53:27.257 - Program compiled in 0.551 s
01-Feb-22 17:53:28.026 -  wait time: 7959.183673469388 	-- probability: 0.2549 	--- runtime: 0.505 seconds
01-Feb-22 17:53:28.429 - Program compiled in 0.401 s
01-Feb-22 17:53:29.127 -  wait time: 8163.265306122449 	-- probability: 0.2327 	--- runtime: 0.516 seconds
01-Feb-22 17:53:29.657 - Program compiled in 0.528 s
01-Feb-22 17:53:30.370 -  wait time: 8367.34693877551 	-- probability: 0.2336 	--- runtime: 0.507 seconds
01-Feb-22 17:53:30.972 - Program compiled in 0.601 s
01-Feb-22 17:53:31.626 -  wait time: 8571.428571428572 	-- probability: 0.2246 	--- runtime: 0.510 seconds
01-Feb-22 17:53:32.135 - Program compiled in 0.509 s
01-Feb-22 17:53:32.862 -  wait time: 8775.510204081633 	-- probability: 0.2375 	--- runtime: 0.518 seconds
01-Feb-22 17:53:33.249 - Program compiled in 0.385 s
01-Feb-22 17:53:33.921 -  wait time: 8979.591836734695 	-- probability: 0.2511 	--- runtime: 0.517 seconds
01-Feb-22 17:53:34.508 - Program compiled in 0.586 s
01-Feb-22 17:53:35.179 -  wait time: 9183.673469387755 	-- probability: 0.2556 	--- runtime: 0.520 seconds
01-Feb-22 17:53:35.554 - Program compiled in 0.374 s
01-Feb-22 17:53:36.326 -  wait time: 9387.755102040817 	-- probability: 0.268 	--- runtime: 0.525 seconds
01-Feb-22 17:53:36.694 - Program compiled in 0.367 s
01-Feb-22 17:53:37.436 -  wait time: 9591.836734693878 	-- probability: 0.3058 	--- runtime: 0.536 seconds
01-Feb-22 17:53:38.590 - Program compiled in 1.152 s
01-Feb-22 17:53:39.313 -  wait time: 9795.91836734694 	-- probability: 0.2963 	--- runtime: 0.524 seconds
01-Feb-22 17:53:40.261 - Program compiled in 0.947 s
01-Feb-22 17:53:40.929 -  wait time: 10000.0 	-- probability: 0.3394 	--- runtime: 0.530 seconds
01-Feb-22 17:53:40.929 - Done

01-Feb-22 17:53:52.798 - ------------------------------------------------------------------------------   Begin
01-Feb-22 17:53:53.167 - Program compiled in 0.367 s
01-Feb-22 17:53:54.942 -  wait time: 0.0 	-- probability: 0.9811 	--- runtime: 1.541 seconds
01-Feb-22 17:53:55.595 - Program compiled in 0.651 s
01-Feb-22 17:53:56.272 -  wait time: 2040.8163265306123 	-- probability: 0.8411 	--- runtime: 0.455 seconds
01-Feb-22 17:53:56.915 - Program compiled in 0.640 s
01-Feb-22 17:53:57.571 -  wait time: 4081.6326530612246 	-- probability: 0.4901 	--- runtime: 0.473 seconds
01-Feb-22 17:53:58.260 - Program compiled in 0.688 s
01-Feb-22 17:53:58.930 -  wait time: 6122.448979591837 	-- probability: 0.2428 	--- runtime: 0.486 seconds
01-Feb-22 17:54:00.988 - Program compiled in 2.057 s
01-Feb-22 17:54:01.703 -  wait time: 8163.265306122449 	-- probability: 0.23 	--- runtime: 0.520 seconds
01-Feb-22 17:54:02.364 - Program compiled in 0.660 s
01-Feb-22 17:54:03.094 -  wait time: 10204.081632653062 	-- probability: 0.3657 	--- runtime: 0.537 seconds
01-Feb-22 17:54:04.489 - Program compiled in 1.395 s
01-Feb-22 17:54:05.224 -  wait time: 12244.897959183674 	-- probability: 0.4656 	--- runtime: 0.562 seconds
01-Feb-22 17:54:05.614 - Program compiled in 0.389 s
01-Feb-22 17:54:06.375 -  wait time: 14285.714285714286 	-- probability: 0.6304 	--- runtime: 0.578 seconds
01-Feb-22 17:54:07.870 - Program compiled in 1.494 s
01-Feb-22 17:54:08.696 -  wait time: 16326.530612244898 	-- probability: 0.6118 	--- runtime: 0.590 seconds
01-Feb-22 17:54:09.095 - Program compiled in 0.399 s
01-Feb-22 17:54:09.935 -  wait time: 18367.34693877551 	-- probability: 0.5034 	--- runtime: 0.620 seconds
01-Feb-22 17:54:10.306 - Program compiled in 0.370 s
01-Feb-22 17:54:11.126 -  wait time: 20408.163265306124 	-- probability: 0.428 	--- runtime: 0.642 seconds
01-Feb-22 17:54:11.663 - Program compiled in 0.536 s
01-Feb-22 17:54:12.459 -  wait time: 22448.979591836734 	-- probability: 0.353 	--- runtime: 0.663 seconds
01-Feb-22 17:54:12.892 - Program compiled in 0.432 s
01-Feb-22 17:54:13.833 -  wait time: 24489.79591836735 	-- probability: 0.4875 	--- runtime: 0.665 seconds
01-Feb-22 17:54:14.416 - Program compiled in 0.582 s
01-Feb-22 17:54:15.294 -  wait time: 26530.61224489796 	-- probability: 0.5463 	--- runtime: 0.681 seconds
01-Feb-22 17:54:15.908 - Program compiled in 0.613 s
01-Feb-22 17:54:16.890 -  wait time: 28571.428571428572 	-- probability: 0.5796 	--- runtime: 0.712 seconds
01-Feb-22 17:54:17.511 - Program compiled in 0.620 s
01-Feb-22 17:54:18.558 -  wait time: 30612.244897959183 	-- probability: 0.5848 	--- runtime: 0.733 seconds
01-Feb-22 17:54:19.022 - Program compiled in 0.462 s
01-Feb-22 17:54:19.953 -  wait time: 32653.061224489797 	-- probability: 0.524 	--- runtime: 0.754 seconds
01-Feb-22 17:54:20.592 - Program compiled in 0.638 s
01-Feb-22 17:54:21.515 -  wait time: 34693.87755102041 	-- probability: 0.4667 	--- runtime: 0.774 seconds
01-Feb-22 17:54:22.115 - Program compiled in 0.598 s
01-Feb-22 17:54:23.097 -  wait time: 36734.69387755102 	-- probability: 0.4629 	--- runtime: 0.799 seconds
01-Feb-22 17:54:23.720 - Program compiled in 0.622 s
01-Feb-22 17:54:24.705 -  wait time: 38775.510204081635 	-- probability: 0.4575 	--- runtime: 0.817 seconds
01-Feb-22 17:54:25.348 - Program compiled in 0.642 s
01-Feb-22 17:54:26.337 -  wait time: 40816.32653061225 	-- probability: 0.4908 	--- runtime: 0.835 seconds
01-Feb-22 17:54:26.702 - Program compiled in 0.364 s
01-Feb-22 17:54:27.846 -  wait time: 42857.142857142855 	-- probability: 0.5077 	--- runtime: 0.858 seconds
01-Feb-22 17:54:28.582 - Program compiled in 0.735 s
01-Feb-22 17:54:29.589 -  wait time: 44897.95918367347 	-- probability: 0.5061 	--- runtime: 0.868 seconds
01-Feb-22 17:54:30.554 - Program compiled in 0.963 s
01-Feb-22 17:54:31.606 -  wait time: 46938.77551020408 	-- probability: 0.5052 	--- runtime: 0.892 seconds
01-Feb-22 17:54:33.689 - Program compiled in 2.081 s
01-Feb-22 17:54:34.763 -  wait time: 48979.5918367347 	-- probability: 0.4889 	--- runtime: 0.911 seconds
01-Feb-22 17:54:35.280 - Program compiled in 0.516 s
01-Feb-22 17:54:36.353 -  wait time: 51020.40816326531 	-- probability: 0.4872 	--- runtime: 0.940 seconds
01-Feb-22 17:54:36.774 - Program compiled in 0.420 s
01-Feb-22 17:54:37.943 -  wait time: 53061.22448979592 	-- probability: 0.5161 	--- runtime: 0.973 seconds
01-Feb-22 17:54:38.333 - Program compiled in 0.389 s
01-Feb-22 17:54:39.511 -  wait time: 55102.04081632653 	-- probability: 0.5136 	--- runtime: 0.982 seconds
01-Feb-22 17:54:40.148 - Program compiled in 0.636 s
01-Feb-22 17:54:41.341 -  wait time: 57142.857142857145 	-- probability: 0.4939 	--- runtime: 1.008 seconds
01-Feb-22 17:54:43.377 - Program compiled in 2.035 s
01-Feb-22 17:54:44.572 -  wait time: 59183.67346938776 	-- probability: 0.5187 	--- runtime: 1.033 seconds
01-Feb-22 17:54:46.172 - Program compiled in 1.599 s
01-Feb-22 17:54:47.427 -  wait time: 61224.489795918365 	-- probability: 0.4933 	--- runtime: 1.059 seconds
01-Feb-22 17:54:48.563 - Program compiled in 1.135 s
01-Feb-22 17:54:49.776 -  wait time: 63265.30612244898 	-- probability: 0.496 	--- runtime: 1.059 seconds
01-Feb-22 17:54:50.212 - Program compiled in 0.435 s
01-Feb-22 17:54:51.553 -  wait time: 65306.12244897959 	-- probability: 0.5044 	--- runtime: 1.095 seconds
01-Feb-22 17:54:52.145 - Program compiled in 0.591 s
01-Feb-22 17:54:53.440 -  wait time: 67346.9387755102 	-- probability: 0.4994 	--- runtime: 1.106 seconds
01-Feb-22 17:54:53.877 - Program compiled in 0.435 s
01-Feb-22 17:54:55.292 -  wait time: 69387.75510204081 	-- probability: 0.4921 	--- runtime: 1.123 seconds
01-Feb-22 17:54:55.955 - Program compiled in 0.661 s
01-Feb-22 17:54:57.289 -  wait time: 71428.57142857143 	-- probability: 0.4974 	--- runtime: 1.150 seconds
01-Feb-22 17:54:57.875 - Program compiled in 0.578 s
01-Feb-22 17:54:59.251 -  wait time: 73469.38775510204 	-- probability: 0.4935 	--- runtime: 1.192 seconds
01-Feb-22 17:54:59.691 - Program compiled in 0.437 s
01-Feb-22 17:55:01.055 -  wait time: 75510.20408163265 	-- probability: 0.4999 	--- runtime: 1.185 seconds
01-Feb-22 17:55:01.859 - Program compiled in 0.803 s
01-Feb-22 17:55:03.279 -  wait time: 77551.02040816327 	-- probability: 0.4999 	--- runtime: 1.208 seconds
01-Feb-22 17:55:03.795 - Program compiled in 0.511 s
01-Feb-22 17:55:05.180 -  wait time: 79591.83673469388 	-- probability: 0.4964 	--- runtime: 1.220 seconds
01-Feb-22 17:55:05.623 - Program compiled in 0.442 s
01-Feb-22 17:55:07.089 -  wait time: 81632.6530612245 	-- probability: 0.5041 	--- runtime: 1.250 seconds
01-Feb-22 17:55:07.835 - Program compiled in 0.745 s
01-Feb-22 17:55:09.276 -  wait time: 83673.4693877551 	-- probability: 0.5052 	--- runtime: 1.263 seconds
01-Feb-22 17:55:10.058 - Program compiled in 0.780 s
01-Feb-22 17:55:11.564 -  wait time: 85714.28571428571 	-- probability: 0.496 	--- runtime: 1.313 seconds
01-Feb-22 17:55:11.937 - Program compiled in 0.371 s
01-Feb-22 17:55:13.407 -  wait time: 87755.10204081633 	-- probability: 0.503 	--- runtime: 1.310 seconds
01-Feb-22 17:55:13.778 - Program compiled in 0.369 s
01-Feb-22 17:55:15.262 -  wait time: 89795.91836734694 	-- probability: 0.4991 	--- runtime: 1.323 seconds
01-Feb-22 17:55:16.163 - Program compiled in 0.900 s
01-Feb-22 17:55:17.726 -  wait time: 91836.73469387756 	-- probability: 0.5009 	--- runtime: 1.355 seconds
01-Feb-22 17:55:18.392 - Program compiled in 0.664 s
01-Feb-22 17:55:19.899 -  wait time: 93877.55102040817 	-- probability: 0.4976 	--- runtime: 1.359 seconds
01-Feb-22 17:55:20.355 - Program compiled in 0.454 s
01-Feb-22 17:55:22.048 -  wait time: 95918.36734693877 	-- probability: 0.4918 	--- runtime: 1.384 seconds
01-Feb-22 17:55:22.625 - Program compiled in 0.576 s
01-Feb-22 17:55:24.210 -  wait time: 97959.1836734694 	-- probability: 0.4998 	--- runtime: 1.405 seconds
01-Feb-22 17:55:24.861 - Program compiled in 0.649 s
01-Feb-22 17:55:26.431 -  wait time: 100000.0 	-- probability: 0.4971 	--- runtime: 1.421 seconds
01-Feb-22 17:55:26.431 - Done

