01-Feb-22 17:55:33.626 - ------------------------------------------------------------------------------   Begin
01-Feb-22 17:55:33.626 - Scale: 0.5
01-Feb-22 17:55:36.276 - Program compiled in 0.414 s
01-Feb-22 17:55:59.906 - ------------------------------------------------------------------------------   Begin
01-Feb-22 17:55:59.906 - Scale: 0.5
01-Feb-22 17:56:03.678 - Program compiled in 0.448 s
01-Feb-22 17:56:05.113 -  duration: 4.0 	-- probability: 0.4 	--- runtime: 1.263 seconds
01-Feb-22 17:56:05.457 - Program compiled in 0.343 s
01-Feb-22 17:56:05.954 -  duration: 8.0 	-- probability: 0.6 	--- runtime: 0.283 seconds
01-Feb-22 17:56:06.318 - Program compiled in 0.362 s
01-Feb-22 17:56:06.783 -  duration: 12.0 	-- probability: 0.9 	--- runtime: 0.287 seconds
01-Feb-22 17:56:07.395 - Program compiled in 0.610 s
01-Feb-22 17:56:07.833 -  duration: 16.0 	-- probability: 0.4 	--- runtime: 0.287 seconds
01-Feb-22 17:56:08.300 - Program compiled in 0.466 s
01-Feb-22 17:56:08.709 -  duration: 20.0 	-- probability: 0.0 	--- runtime: 0.284 seconds
01-Feb-22 17:56:09.364 - Program compiled in 0.654 s
01-Feb-22 17:56:09.777 -  duration: 24.0 	-- probability: 0.1 	--- runtime: 0.282 seconds
01-Feb-22 17:56:10.346 - Program compiled in 0.568 s
01-Feb-22 17:56:10.790 -  duration: 28.0 	-- probability: 0.5 	--- runtime: 0.280 seconds
01-Feb-22 17:56:11.117 - Program compiled in 0.326 s
01-Feb-22 17:56:11.552 -  duration: 32.0 	-- probability: 0.8 	--- runtime: 0.285 seconds
01-Feb-22 17:56:12.144 - Program compiled in 0.591 s
01-Feb-22 17:56:12.580 -  duration: 36.0 	-- probability: 0.4 	--- runtime: 0.285 seconds
01-Feb-22 17:56:13.170 - Program compiled in 0.588 s
01-Feb-22 17:56:13.674 -  duration: 40.0 	-- probability: 0.0 	--- runtime: 0.282 seconds
01-Feb-22 17:56:14.094 - Program compiled in 0.419 s
01-Feb-22 17:56:14.518 -  duration: 44.0 	-- probability: 0.1 	--- runtime: 0.279 seconds
01-Feb-22 17:56:15.074 - Program compiled in 0.555 s
01-Feb-22 17:56:15.594 -  duration: 48.0 	-- probability: 0.4 	--- runtime: 0.271 seconds
01-Feb-22 17:56:15.984 - Program compiled in 0.389 s
01-Feb-22 17:56:16.461 -  duration: 52.0 	-- probability: 0.9 	--- runtime: 0.281 seconds
01-Feb-22 17:56:16.822 - Program compiled in 0.360 s
01-Feb-22 17:56:17.249 -  duration: 56.0 	-- probability: 0.8 	--- runtime: 0.286 seconds
01-Feb-22 17:56:17.743 - Program compiled in 0.493 s
01-Feb-22 17:56:18.196 -  duration: 60.0 	-- probability: 0.1 	--- runtime: 0.289 seconds
01-Feb-22 17:56:18.700 - Program compiled in 0.503 s
01-Feb-22 17:56:19.128 -  duration: 64.0 	-- probability: 0.0 	--- runtime: 0.284 seconds
01-Feb-22 17:56:19.471 - Program compiled in 0.341 s
01-Feb-22 17:56:20.048 -  duration: 68.0 	-- probability: 0.6 	--- runtime: 0.279 seconds
01-Feb-22 17:56:20.422 - Program compiled in 0.370 s
01-Feb-22 17:56:20.901 -  duration: 72.0 	-- probability: 0.6 	--- runtime: 0.278 seconds
01-Feb-22 17:56:21.557 - Program compiled in 0.653 s
01-Feb-22 17:56:22.043 -  duration: 76.0 	-- probability: 0.7 	--- runtime: 0.280 seconds
01-Feb-22 17:56:22.404 - Program compiled in 0.360 s
01-Feb-22 17:56:22.901 -  duration: 80.0 	-- probability: 0.1 	--- runtime: 0.283 seconds
01-Feb-22 17:56:23.462 - Program compiled in 0.559 s
01-Feb-22 17:56:23.888 -  duration: 84.0 	-- probability: 0.1 	--- runtime: 0.282 seconds
01-Feb-22 17:56:24.275 - Program compiled in 0.386 s
01-Feb-22 17:56:24.716 -  duration: 88.0 	-- probability: 0.2 	--- runtime: 0.282 seconds
01-Feb-22 17:56:25.276 - Program compiled in 0.559 s
01-Feb-22 17:56:25.701 -  duration: 92.0 	-- probability: 0.7 	--- runtime: 0.285 seconds
01-Feb-22 17:56:26.282 - Program compiled in 0.579 s
01-Feb-22 17:56:26.698 -  duration: 96.0 	-- probability: 0.2 	--- runtime: 0.286 seconds
01-Feb-22 17:56:27.095 - Program compiled in 0.395 s
01-Feb-22 17:56:27.516 -  duration: 100.0 	-- probability: 0.6 	--- runtime: 0.286 seconds
01-Feb-22 17:56:48.979 - ------------------------------------------------------------------------------   Begin
01-Feb-22 17:56:48.979 - Scale: 0.5
01-Feb-22 17:56:52.863 - Program compiled in 0.596 s
01-Feb-22 17:56:54.541 -  duration: 4.0 	-- probability: 0.3274 	--- runtime: 1.529 seconds
01-Feb-22 17:56:54.967 - Program compiled in 0.418 s
01-Feb-22 17:56:55.509 -  duration: 8.0 	-- probability: 0.776 	--- runtime: 0.425 seconds
01-Feb-22 17:56:56.063 - Program compiled in 0.553 s
01-Feb-22 17:56:56.639 -  duration: 12.0 	-- probability: 0.8182 	--- runtime: 0.427 seconds
01-Feb-22 17:56:57.313 - Program compiled in 0.672 s
01-Feb-22 17:56:57.949 -  duration: 16.0 	-- probability: 0.4149 	--- runtime: 0.429 seconds
01-Feb-22 17:56:59.780 - Program compiled in 1.830 s
01-Feb-22 17:57:00.422 -  duration: 20.0 	-- probability: 0.0277 	--- runtime: 0.416 seconds
01-Feb-22 17:57:00.828 - Program compiled in 0.404 s
01-Feb-22 17:57:01.442 -  duration: 24.0 	-- probability: 0.2457 	--- runtime: 0.421 seconds
01-Feb-22 17:57:02.897 - Program compiled in 1.453 s
01-Feb-22 17:57:03.542 -  duration: 28.0 	-- probability: 0.7179 	--- runtime: 0.430 seconds
01-Feb-22 17:57:03.948 - Program compiled in 0.404 s
01-Feb-22 17:57:04.664 -  duration: 32.0 	-- probability: 0.859 	--- runtime: 0.422 seconds
01-Feb-22 17:57:05.515 - Program compiled in 0.850 s
01-Feb-22 17:57:06.111 -  duration: 36.0 	-- probability: 0.5191 	--- runtime: 0.426 seconds
01-Feb-22 17:57:06.994 - Program compiled in 0.880 s
01-Feb-22 17:57:07.553 -  duration: 40.0 	-- probability: 0.0713 	--- runtime: 0.425 seconds
01-Feb-22 17:57:08.794 - Program compiled in 1.240 s
01-Feb-22 17:57:09.374 -  duration: 44.0 	-- probability: 0.1502 	--- runtime: 0.430 seconds
01-Feb-22 17:57:09.769 - Program compiled in 0.395 s
01-Feb-22 17:57:10.380 -  duration: 48.0 	-- probability: 0.6333 	--- runtime: 0.431 seconds
01-Feb-22 17:57:10.895 - Program compiled in 0.514 s
01-Feb-22 17:57:11.481 -  duration: 52.0 	-- probability: 0.8696 	--- runtime: 0.426 seconds
01-Feb-22 17:57:11.833 - Program compiled in 0.351 s
01-Feb-22 17:57:12.440 -  duration: 56.0 	-- probability: 0.6101 	--- runtime: 0.430 seconds
01-Feb-22 17:57:13.048 - Program compiled in 0.607 s
01-Feb-22 17:57:13.653 -  duration: 60.0 	-- probability: 0.1307 	--- runtime: 0.427 seconds
01-Feb-22 17:57:14.055 - Program compiled in 0.401 s
01-Feb-22 17:57:14.683 -  duration: 64.0 	-- probability: 0.0805 	--- runtime: 0.435 seconds
01-Feb-22 17:57:15.108 - Program compiled in 0.424 s
01-Feb-22 17:57:15.676 -  duration: 68.0 	-- probability: 0.5411 	--- runtime: 0.421 seconds
01-Feb-22 17:57:16.178 - Program compiled in 0.501 s
01-Feb-22 17:57:16.784 -  duration: 72.0 	-- probability: 0.868 	--- runtime: 0.424 seconds
01-Feb-22 17:57:17.416 - Program compiled in 0.631 s
01-Feb-22 17:57:18.031 -  duration: 76.0 	-- probability: 0.6993 	--- runtime: 0.422 seconds
01-Feb-22 17:57:18.629 - Program compiled in 0.592 s
01-Feb-22 17:57:19.186 -  duration: 80.0 	-- probability: 0.2156 	--- runtime: 0.426 seconds
01-Feb-22 17:57:19.972 - Program compiled in 0.785 s
01-Feb-22 17:57:20.566 -  duration: 84.0 	-- probability: 0.0319 	--- runtime: 0.416 seconds
01-Feb-22 17:57:20.955 - Program compiled in 0.387 s
01-Feb-22 17:57:21.549 -  duration: 88.0 	-- probability: 0.4346 	--- runtime: 0.436 seconds
01-Feb-22 17:57:22.116 - Program compiled in 0.565 s
01-Feb-22 17:57:22.671 -  duration: 92.0 	-- probability: 0.8348 	--- runtime: 0.419 seconds
01-Feb-22 17:57:23.062 - Program compiled in 0.390 s
01-Feb-22 17:57:23.620 -  duration: 96.0 	-- probability: 0.7657 	--- runtime: 0.427 seconds
01-Feb-22 17:57:23.992 - Program compiled in 0.371 s
01-Feb-22 17:57:24.596 -  duration: 100.0 	-- probability: 0.298 	--- runtime: 0.435 seconds
01-Feb-22 17:57:34.562 - ------------------------------------------------------------------------------   Begin
01-Feb-22 17:57:34.563 - Scale: 1
01-Feb-22 17:57:39.177 - Program compiled in 0.594 s
01-Feb-22 17:57:40.717 -  duration: 4.0 	-- probability: 0.6256 	--- runtime: 1.390 seconds
01-Feb-22 17:57:42.694 - Program compiled in 1.976 s
01-Feb-22 17:57:43.281 -  duration: 8.0 	-- probability: 0.4376 	--- runtime: 0.430 seconds
01-Feb-22 17:57:44.575 - Program compiled in 1.293 s
01-Feb-22 17:57:45.136 -  duration: 12.0 	-- probability: 0.1289 	--- runtime: 0.416 seconds
01-Feb-22 17:57:45.750 - Program compiled in 0.613 s
01-Feb-22 17:57:46.389 -  duration: 16.0 	-- probability: 0.7081 	--- runtime: 0.427 seconds
01-Feb-22 17:57:46.904 - Program compiled in 0.514 s
01-Feb-22 17:57:47.586 -  duration: 20.0 	-- probability: 0.1962 	--- runtime: 0.428 seconds
01-Feb-22 17:57:48.008 - Program compiled in 0.420 s
01-Feb-22 17:57:48.585 -  duration: 24.0 	-- probability: 0.3755 	--- runtime: 0.418 seconds
01-Feb-22 17:57:49.221 - Program compiled in 0.635 s
01-Feb-22 17:57:49.799 -  duration: 28.0 	-- probability: 0.6467 	--- runtime: 0.424 seconds
01-Feb-22 17:57:50.372 - Program compiled in 0.572 s
01-Feb-22 17:57:50.983 -  duration: 32.0 	-- probability: 0.0754 	--- runtime: 0.426 seconds
01-Feb-22 17:57:51.572 - Program compiled in 0.588 s
01-Feb-22 17:57:52.147 -  duration: 36.0 	-- probability: 0.6053 	--- runtime: 0.429 seconds
01-Feb-22 17:57:52.732 - Program compiled in 0.583 s
01-Feb-22 17:57:53.307 -  duration: 40.0 	-- probability: 0.4345 	--- runtime: 0.428 seconds
01-Feb-22 17:57:53.682 - Program compiled in 0.373 s
01-Feb-22 17:57:54.260 -  duration: 44.0 	-- probability: 0.1352 	--- runtime: 0.427 seconds
01-Feb-22 17:57:54.814 - Program compiled in 0.552 s
01-Feb-22 17:57:55.367 -  duration: 48.0 	-- probability: 0.7265 	--- runtime: 0.427 seconds
01-Feb-22 17:57:56.706 - Program compiled in 1.338 s
01-Feb-22 17:57:57.285 -  duration: 52.0 	-- probability: 0.2085 	--- runtime: 0.426 seconds
01-Feb-22 17:57:57.671 - Program compiled in 0.384 s
01-Feb-22 17:57:58.245 -  duration: 56.0 	-- probability: 0.2996 	--- runtime: 0.427 seconds
01-Feb-22 17:57:58.611 - Program compiled in 0.364 s
01-Feb-22 17:57:59.186 -  duration: 60.0 	-- probability: 0.6795 	--- runtime: 0.421 seconds
01-Feb-22 17:57:59.530 - Program compiled in 0.343 s
01-Feb-22 17:58:00.136 -  duration: 64.0 	-- probability: 0.0902 	--- runtime: 0.430 seconds
01-Feb-22 17:58:00.656 - Program compiled in 0.519 s
01-Feb-22 17:58:01.241 -  duration: 68.0 	-- probability: 0.5457 	--- runtime: 0.430 seconds
01-Feb-22 17:58:01.824 - Program compiled in 0.581 s
01-Feb-22 17:58:02.436 -  duration: 72.0 	-- probability: 0.4965 	--- runtime: 0.425 seconds
01-Feb-22 17:58:03.096 - Program compiled in 0.659 s
01-Feb-22 17:58:03.694 -  duration: 76.0 	-- probability: 0.1207 	--- runtime: 0.429 seconds
01-Feb-22 17:58:04.051 - Program compiled in 0.356 s
01-Feb-22 17:58:04.670 -  duration: 80.0 	-- probability: 0.6996 	--- runtime: 0.436 seconds
01-Feb-22 17:58:05.035 - Program compiled in 0.363 s
01-Feb-22 17:58:05.609 -  duration: 84.0 	-- probability: 0.2517 	--- runtime: 0.416 seconds
01-Feb-22 17:58:06.156 - Program compiled in 0.546 s
01-Feb-22 17:58:06.853 -  duration: 88.0 	-- probability: 0.304 	--- runtime: 0.435 seconds
01-Feb-22 17:58:07.266 - Program compiled in 0.411 s
01-Feb-22 17:58:07.880 -  duration: 92.0 	-- probability: 0.6675 	--- runtime: 0.434 seconds
01-Feb-22 17:58:08.759 - Program compiled in 0.877 s
01-Feb-22 17:58:09.341 -  duration: 96.0 	-- probability: 0.0827 	--- runtime: 0.429 seconds
01-Feb-22 17:58:09.885 - Program compiled in 0.542 s
01-Feb-22 17:58:10.468 -  duration: 100.0 	-- probability: 0.5547 	--- runtime: 0.437 seconds
01-Feb-22 17:58:18.305 - ------------------------------------------------------------------------------   Begin
01-Feb-22 17:58:18.305 - Scale: 1
01-Feb-22 17:58:22.376 - Program compiled in 0.809 s
01-Feb-22 17:58:24.020 -  duration: 4.0 	-- probability: 0.601 	--- runtime: 1.471 seconds
01-Feb-22 17:58:25.377 - Program compiled in 1.354 s
01-Feb-22 17:58:25.985 -  duration: 8.0 	-- probability: 0.6315 	--- runtime: 0.427 seconds
01-Feb-22 17:58:26.536 - Program compiled in 0.550 s
01-Feb-22 17:58:27.115 -  duration: 12.0 	-- probability: 0.1442 	--- runtime: 0.429 seconds
01-Feb-22 17:58:28.083 - Program compiled in 0.966 s
01-Feb-22 17:58:28.723 -  duration: 16.0 	-- probability: 0.7258 	--- runtime: 0.433 seconds
01-Feb-22 17:58:29.215 - Program compiled in 0.489 s
01-Feb-22 17:58:29.781 -  duration: 20.0 	-- probability: 0.565 	--- runtime: 0.431 seconds
01-Feb-22 17:58:30.588 - Program compiled in 0.805 s
01-Feb-22 17:58:31.175 -  duration: 24.0 	-- probability: 0.4585 	--- runtime: 0.428 seconds
01-Feb-22 17:58:31.660 - Program compiled in 0.484 s
01-Feb-22 17:58:32.251 -  duration: 28.0 	-- probability: 0.5891 	--- runtime: 0.422 seconds
01-Feb-22 17:58:33.004 - Program compiled in 0.747 s
01-Feb-22 17:58:33.572 -  duration: 32.0 	-- probability: 0.4191 	--- runtime: 0.420 seconds
01-Feb-22 17:58:33.999 - Program compiled in 0.425 s
01-Feb-22 17:58:34.563 -  duration: 36.0 	-- probability: 0.6392 	--- runtime: 0.428 seconds
01-Feb-22 17:58:34.986 - Program compiled in 0.422 s
01-Feb-22 17:58:35.582 -  duration: 40.0 	-- probability: 0.2733 	--- runtime: 0.430 seconds
01-Feb-22 17:58:36.126 - Program compiled in 0.541 s
01-Feb-22 17:58:36.713 -  duration: 44.0 	-- probability: 0.5014 	--- runtime: 0.434 seconds
01-Feb-22 17:58:37.226 - Program compiled in 0.511 s
01-Feb-22 17:58:37.809 -  duration: 48.0 	-- probability: 0.5644 	--- runtime: 0.437 seconds
01-Feb-22 17:58:38.558 - Program compiled in 0.748 s
01-Feb-22 17:58:39.132 -  duration: 52.0 	-- probability: 0.2294 	--- runtime: 0.422 seconds
01-Feb-22 17:58:39.480 - Program compiled in 0.347 s
01-Feb-22 17:58:40.047 -  duration: 56.0 	-- probability: 0.7089 	--- runtime: 0.429 seconds
01-Feb-22 17:58:40.577 - Program compiled in 0.529 s
01-Feb-22 17:58:41.172 -  duration: 60.0 	-- probability: 0.3354 	--- runtime: 0.430 seconds
01-Feb-22 17:58:41.507 - Program compiled in 0.334 s
01-Feb-22 17:58:42.087 -  duration: 64.0 	-- probability: 0.4431 	--- runtime: 0.421 seconds
01-Feb-22 17:58:42.680 - Program compiled in 0.592 s
01-Feb-22 17:58:43.281 -  duration: 68.0 	-- probability: 0.6346 	--- runtime: 0.428 seconds
01-Feb-22 17:58:43.707 - Program compiled in 0.424 s
01-Feb-22 17:58:44.322 -  duration: 72.0 	-- probability: 0.3561 	--- runtime: 0.428 seconds
01-Feb-22 17:58:44.690 - Program compiled in 0.367 s
01-Feb-22 17:58:45.250 -  duration: 76.0 	-- probability: 0.5987 	--- runtime: 0.425 seconds
01-Feb-22 17:58:45.827 - Program compiled in 0.576 s
01-Feb-22 17:58:46.399 -  duration: 80.0 	-- probability: 0.3749 	--- runtime: 0.422 seconds
01-Feb-22 17:58:46.985 - Program compiled in 0.584 s
01-Feb-22 17:58:47.732 -  duration: 84.0 	-- probability: 0.4966 	--- runtime: 0.432 seconds
01-Feb-22 17:58:48.191 - Program compiled in 0.456 s
01-Feb-22 17:58:48.779 -  duration: 88.0 	-- probability: 0.5577 	--- runtime: 0.431 seconds
01-Feb-22 17:58:49.268 - Program compiled in 0.488 s
01-Feb-22 17:58:49.896 -  duration: 92.0 	-- probability: 0.346 	--- runtime: 0.428 seconds
01-Feb-22 17:58:50.440 - Program compiled in 0.543 s
01-Feb-22 17:58:50.983 -  duration: 96.0 	-- probability: 0.6639 	--- runtime: 0.429 seconds
01-Feb-22 17:58:51.384 - Program compiled in 0.400 s
01-Feb-22 17:58:51.949 -  duration: 100.0 	-- probability: 0.2522 	--- runtime: 0.432 seconds
01-Feb-22 17:59:18.630 - ------------------------------------------------------------------------------   Begin
01-Feb-22 17:59:18.631 - Scale: 0.5
01-Feb-22 17:59:22.272 - Program compiled in 1.195 s
01-Feb-22 17:59:23.901 -  duration: 4.0 	-- probability: 0.7755 	--- runtime: 1.477 seconds
01-Feb-22 17:59:24.481 - Program compiled in 0.579 s
01-Feb-22 17:59:25.054 -  duration: 8.0 	-- probability: 0.3102 	--- runtime: 0.431 seconds
01-Feb-22 17:59:25.411 - Program compiled in 0.355 s
01-Feb-22 17:59:26.005 -  duration: 12.0 	-- probability: 0.5228 	--- runtime: 0.429 seconds
01-Feb-22 17:59:26.384 - Program compiled in 0.378 s
01-Feb-22 17:59:26.970 -  duration: 16.0 	-- probability: 0.6853 	--- runtime: 0.424 seconds
01-Feb-22 17:59:27.407 - Program compiled in 0.436 s
01-Feb-22 17:59:28.003 -  duration: 20.0 	-- probability: 0.2365 	--- runtime: 0.425 seconds
01-Feb-22 17:59:28.774 - Program compiled in 0.770 s
01-Feb-22 17:59:29.362 -  duration: 24.0 	-- probability: 0.7761 	--- runtime: 0.425 seconds
01-Feb-22 17:59:30.169 - Program compiled in 0.806 s
01-Feb-22 17:59:30.735 -  duration: 28.0 	-- probability: 0.2521 	--- runtime: 0.425 seconds
01-Feb-22 17:59:31.269 - Program compiled in 0.533 s
01-Feb-22 17:59:31.837 -  duration: 32.0 	-- probability: 0.6553 	--- runtime: 0.434 seconds
01-Feb-22 17:59:32.371 - Program compiled in 0.533 s
01-Feb-22 17:59:32.949 -  duration: 36.0 	-- probability: 0.532 	--- runtime: 0.435 seconds
01-Feb-22 17:59:33.687 - Program compiled in 0.737 s
01-Feb-22 17:59:34.248 -  duration: 40.0 	-- probability: 0.3502 	--- runtime: 0.430 seconds
